error	 2023-01-06 01:44:53 	 route not found!
error	 2023-01-06 01:45:55 	 route not found!
error	 2023-01-06 01:45:57 	 route not found!
error	 2023-01-06 02:59:33 	 route not found!
error	 2023-01-06 03:48:36 	 route not found!
error	 2023-01-06 04:16:31 	 route not found!
error	 2023-01-06 04:26:31 	 route not found!
error	 2023-01-06 05:44:32 	 route not found!
error	 2023-01-06 06:19:53 	 route not found!
error	 2023-01-06 06:20:17 	 route not found!
error	 2023-01-06 06:59:35 	 route not found!
error	 2023-01-06 08:16:58 	 route not found!
error	 2023-01-06 08:19:13 	 route not found!
error	 2023-01-00 10:08:56 	 route not found!
error	 2023-01-00 10:12:05 	 Cannot populate path `customer` because it is not in your schema. Set the `strictPopulate` option to false to override.
error	 2023-01-00 11:19:55 	 Cast to ObjectId failed for value "7313" (type string) at path "account" for model "operations"
error	 2023-01-00 11:22:45 	 operations validation failed: account: Cast to Number failed for value "63c3c5c800528c61b525bcf2" (type string) at path "account"
error	 2023-01-00 11:23:38 	 Cast to ObjectId failed for value "4116" (type number) at path "_id" for model "accounts"
error	 2023-01-00 11:23:50 	 Cast to ObjectId failed for value "4116" (type number) at path "_id" for model "accounts"
error	 2023-01-00 11:23:50 	 Cast to ObjectId failed for value "4116" (type number) at path "_id" for model "accounts"
error	 2023-01-00 11:24:45 	 Cast to ObjectId failed for value "4116" (type number) at path "_id" for model "accounts"
error	 2023-01-00 11:24:45 	 Cast to ObjectId failed for value "4116" (type number) at path "_id" for model "accounts"
error	 2023-01-00 11:24:52 	 Cast to ObjectId failed for value "4116" (type number) at path "_id" for model "accounts"
error	 2023-01-00 11:24:52 	 Cast to ObjectId failed for value "4116" (type number) at path "_id" for model "accounts"
error	 2023-01-00 11:25:02 	 Cast to ObjectId failed for value "4116" (type number) at path "_id" for model "accounts"
error	 2023-01-00 11:25:02 	 Cast to ObjectId failed for value "4116" (type number) at path "_id" for model "accounts"
error	 2023-01-00 11:25:04 	 Cast to ObjectId failed for value "4116" (type number) at path "_id" for model "accounts"
error	 2023-01-00 11:25:04 	 Cast to ObjectId failed for value "4116" (type number) at path "_id" for model "accounts"
error	 2023-01-00 11:25:09 	 Cast to ObjectId failed for value "4116" (type number) at path "_id" for model "accounts"
error	 2023-01-00 11:25:09 	 Cast to ObjectId failed for value "4116" (type number) at path "_id" for model "accounts"
error	 2023-01-00 11:25:26 	 Cast to ObjectId failed for value "4116" (type number) at path "_id" for model "accounts"
error	 2023-01-00 11:25:54 	 Cast to ObjectId failed for value "4116" (type number) at path "_id" for model "accounts"
error	 2023-01-00 11:30:02 	 operations validation failed: account: Cast to ObjectId failed for value "7313" (type number) at path "account" because of "BSONTypeError"
